<?xml version="1.0" encoding="UTF-8"?>
<!-- Generated by org.testng.reporters.JUnitReportReporter -->
<testsuite hostname="ME-PC" failures="0" tests="1" name="test.ZerodhaDashBoardTest" time="33.705" errors="0" timestamp="2022-06-30T19:11:53 IST" skipped="0">
  <testcase classname="test.ZerodhaDashBoardTest" name="Dashboard" time="33.705"/>
  <system-out/>
</testsuite> <!-- test.ZerodhaDashBoardTest -->
