<?xml version="1.0" encoding="UTF-8"?>
<!-- Generated by org.testng.reporters.JUnitReportReporter -->
<testsuite hostname="ME-PC" failures="0" tests="1" name="test.singUp" time="29.123" errors="0" timestamp="2022-06-23T19:35:28 IST" skipped="0">
  <testcase classname="test.singUp" name="singUptest" time="29.123"/>
  <system-out/>
</testsuite> <!-- test.singUp -->
