<?xml version="1.0" encoding="UTF-8"?>
<!-- Generated by org.testng.reporters.JUnitReportReporter -->
<testsuite hostname="ME-PC" failures="0" tests="1" name="test.ZerodhaBuyStockTest" time="46.717" errors="0" timestamp="2022-06-30T20:09:22 IST" skipped="0">
  <testcase classname="test.ZerodhaBuyStockTest" name="zerodhabuyStock" time="46.717"/>
  <system-out/>
</testsuite> <!-- test.ZerodhaBuyStockTest -->
